
> qr-menu-saas@0.1.0 build
> next build

Γû▓ Next.js 16.1.6 (Turbopack)
- Environments: .env.local

node.exe : ΓÜá The "middleware" file 
convention is deprecated. Please use 
"proxy" instead. Learn more: https://n
extjs.org/docs/messages/middleware-to-
proxy
At line:1 char:1
+ & "C:\Program 
Files\nodejs/node.exe" "C:\Program 
Files\nodejs/node_mo ...
+ ~~~~~~~~~~~~~~~~~~~~~~~~~~~~~~~~~~~~
~~~~~~~~~~~~~~~~~~~~~~~~~~~~~~~~~
    + CategoryInfo          : NotSpec 
   ified: (ΓÜá The "middle...leware-  
  to-proxy:String) [], RemoteExcept   
 ion
    + FullyQualifiedErrorId : NativeC 
   ommandError
 
  Creating an optimized production build ...

> Build error occurred
Error: Turbopack build failed with 1 
errors:
./app/[locale]/layout.tsx:7:1
Module not found: Can't resolve 
'./globals.css'
[0m [90m  5 |[39m [36mimport[39m 
{ routing } [36mfrom[39m [32m'@/src
/i18n/routing'[39m[33m;[39m
 [90m  6 |[39m [36mimport[39m 
[33mToasterProvider[39m 
[36mfrom[39m [32m'@/components/Toas
terProvider'[39m[33m;[39m
[31m[1m>[22m[39m[90m  7 |[39m 
[36mimport[39m 
[32m"./globals.css"[39m[33m;[39m
 [90m    |[39m [31m[1m^[22m[39m
[31m[1m^[22m[39m[31m[1m^[22m[39
m[31m[1m^[22m[39m[31m[1m^[22m[
39m[31m[1m^[22m[39m[31m[1m^[22m
[39m[31m[1m^[22m[39m[31m[1m^[2
2m[39m[31m[1m^[22m[39m[31m[1m^
[22m[39m[31m[1m^[22m[39m[31m[1m
^[22m[39m[31m[1m^[22m[39m[31m[
1m^[22m[39m[31m[1m^[22m[39m[31m
[1m^[22m[39m[31m[1m^[22m[39m[3
1m[1m^[22m[39m[31m[1m^[22m[39m
[31m[1m^[22m[39m[31m[1m^[22m[39
m[31m[1m^[22m[39m
 [90m  8 |[39m
 [90m  9 |[39m [36mexport[39m 
[36mconst[39m metadata [33m=[39m {
 [90m 10 |[39m     title[33m:[39m 
[32m'QR Menu 
System'[39m[33m,[39m[0m



https://nextjs.org/docs/messages/modul
e-not-found


    at <unknown> 
(./app/[locale]/layout.tsx:7:1)
    at <unknown> (https://nextjs.org/d
ocs/messages/module-not-found)
